   1              	/**
   2              	  ******************************************************************************
   3              	  * @file      startup_stm32f10x_md.s
   4              	  * @author    MCD Application Team
   5              	  * @version   V3.5.0
   6              	  * @date      11-March-2011
   7              	  * @brief     STM32F10x Medium Density Devices vector table for RIDE7 toolchain.
   8              	  *            This module performs:
   9              	  *                - Set the initial SP
  10              	  *                - Set the initial PC == Reset_Handler,
  11              	  *                - Set the vector table entries with the exceptions ISR address
  12              	  *                - Configure the clock system 
  13              	  *                - Branches to main in the C library (which eventually
  14              	  *                  calls main()).
  15              	  *            After Reset the Cortex-M3 processor is in Thread mode,
  16              	  *            priority is Privileged, and the Stack is set to Main.
  17              	  ******************************************************************************
  18              	  * @attention
  19              	  *
  20              	  * THE PRESENT FIRMWARE WHICH IS FOR GUIDANCE ONLY AIMS AT PROVIDING CUSTOMERS
  21              	  * WITH CODING INFORMATION REGARDING THEIR PRODUCTS IN ORDER FOR THEM TO SAVE
  22              	  * TIME. AS A RESULT, STMICROELECTRONICS SHALL NOT BE HELD LIABLE FOR ANY
  23              	  * DIRECT, INDIRECT OR CONSEQUENTIAL DAMAGES WITH RESPECT TO ANY CLAIMS ARISING
  24              	  * FROM THE CONTENT OF SUCH FIRMWARE AND/OR THE USE MADE BY CUSTOMERS OF THE
  25              	  * CODING INFORMATION CONTAINED HEREIN IN CONNECTION WITH THEIR PRODUCTS.
  26              	  *
  27              	  * <h2><center>&copy; COPYRIGHT 2011 STMicroelectronics</center></h2>
  28              	  ******************************************************************************
  29              	  */
  30              	    
  31              	  .syntax unified
  32              	    .cpu cortex-m3
  33              	    .fpu softvfp
  34              	    .thumb
  35              	
  36              	.global g_pfnVectors
  37              	.global Default_Handler
  38              	.global Reset_Handler
  39              	
  40              	/* start address for the initialization values of the .data section. 
  41              	defined in linker script */
  42 0000 00000000 	.word   _sidata
  43              	/* start address for the .data section. defined in linker script */  
  44 0004 00000000 	.word   _sdata
  45              	/* end address for the .data section. defined in linker script */
  46 0008 00000000 	.word   _edata
  47              	/* start address for the .bss section. defined in linker script */
  48 000c 00000000 	.word   _sbss
  49              	/* end address for the .bss section. defined in linker script */
  50 0010 00000000 	.word   _ebss
  51              	
  52              	.equ  BootRAM, 0xF108F85F
  53              	/**
  54              	 * @brief  This is the code that gets called when the processor first
  55              	 *          starts execution following a reset event. Only the absolutely
  56              	 *          necessary set is performed, after which the application
  57              	 *          supplied main() routine is called. 
  58              	 * @param  None
  59              	 * @retval : None
  60              	*/
  61              	
  62              	    .section    .text.Reset_Handler
  63              	    .weak   Reset_Handler
  65              	Reset_Handler:  
  66              	
  67              	/* Copy the data segment initializers from flash to SRAM */  
  68 0000 0021     	  movs  r1, #0
  69 0002 03E0     	  b LoopCopyDataInit
  70              	
  71              	CopyDataInit:
  72 0004 0A4B     	    ldr r3, =_sidata
  73 0006 5B58     	    ldr r3, [r3, r1]
  74 0008 4350     	    str r3, [r0, r1]
  75 000a 0431     	    adds    r1, r1, #4
  76              	    
  77              	LoopCopyDataInit:
  78 000c 0948     	    ldr r0, =_sdata
  79 000e 0A4B     	    ldr r3, =_edata
  80 0010 4218     	    adds    r2, r0, r1
  81 0012 9A42     	    cmp r2, r3
  82 0014 F6D3     	    bcc CopyDataInit
  83 0016 094A     	    ldr r2, =_sbss
  84 0018 02E0     	    b   LoopFillZerobss
  85              	/* Zero fill the bss segment. */  
  86              	FillZerobss:
  87 001a 0023     	    movs    r3, #0
  88 001c 42F8043B 	    str r3, [r2], #4
  89              	    
  90              	LoopFillZerobss:
  91 0020 074B     	    ldr r3, = _ebss
  92 0022 9A42     	    cmp r2, r3
  93 0024 F9D3     	    bcc FillZerobss
  94              	/* Call the clock system intitialization function.*/
  95 0026 FFF7FEFF 	  bl  SystemInit    
  96              	/* Call the application's entry point.*/
  97 002a FFF7FEFF 	    bl  main
  98 002e 7047     	    bx  lr    
 100              	
 101              	/**
 102              	 * @brief  This is the code that gets called when the processor receives an 
 103              	 *         unexpected interrupt. This simply enters an infinite loop, preserving
 104              	 *         the system state for examination by a debugger.
 105              	 * @param  None     
 106              	 * @retval None       
 107              	*/
 108              	    .section    .text.Default_Handler,"ax",%progbits
 109              	Default_Handler:
 110              	Infinite_Loop:
 111 0000 FEE7     	    b   Infinite_Loop
 113              	/******************************************************************************
 114              	*
 115              	* The minimal vector table for a Cortex M3.  Note that the proper constructs
 116              	* must be placed on this to ensure that it ends up at physical address
 117              	* 0x0000.0000.
 118              	*
 119              	******************************************************************************/    
 120              	    .section    .isr_vector,"a",%progbits
 123              	    
 124              	    
 125              	g_pfnVectors:
 126 0000 00000000 	    .word   _estack
 127 0004 00000000 	    .word   Reset_Handler
 128 0008 00000000 	    .word   NMI_Handler
 129 000c 00000000 	    .word   HardFault_Handler
 130 0010 00000000 	    .word   MemManage_Handler
 131 0014 00000000 	    .word   BusFault_Handler
 132 0018 00000000 	    .word   UsageFault_Handler
 133 001c 00000000 	    .word   0
 134 0020 00000000 	    .word   0
 135 0024 00000000 	    .word   0
 136 0028 00000000 	    .word   0
 137 002c 00000000 	    .word   SVC_Handler
 138 0030 00000000 	    .word   DebugMon_Handler
 139 0034 00000000 	    .word   0
 140 0038 00000000 	    .word   PendSV_Handler
 141 003c 00000000 	    .word   SysTick_Handler
 142 0040 00000000 	    .word   WWDG_IRQHandler
 143 0044 00000000 	    .word   PVD_IRQHandler
 144 0048 00000000 	    .word   TAMPER_IRQHandler
 145 004c 00000000 	    .word   RTC_IRQHandler
 146 0050 00000000 	    .word   FLASH_IRQHandler
 147 0054 00000000 	    .word   RCC_IRQHandler
 148 0058 00000000 	    .word   EXTI0_IRQHandler
 149 005c 00000000 	    .word   EXTI1_IRQHandler
 150 0060 00000000 	    .word   EXTI2_IRQHandler
 151 0064 00000000 	    .word   EXTI3_IRQHandler
 152 0068 00000000 	    .word   EXTI4_IRQHandler
 153 006c 00000000 	    .word   DMA1_Channel1_IRQHandler
 154 0070 00000000 	    .word   DMA1_Channel2_IRQHandler
 155 0074 00000000 	    .word   DMA1_Channel3_IRQHandler
 156 0078 00000000 	    .word   DMA1_Channel4_IRQHandler
 157 007c 00000000 	    .word   DMA1_Channel5_IRQHandler
 158 0080 00000000 	    .word   DMA1_Channel6_IRQHandler
 159 0084 00000000 	    .word   DMA1_Channel7_IRQHandler
 160 0088 00000000 	    .word   ADC1_2_IRQHandler
 161 008c 00000000 	    .word   USB_HP_CAN1_TX_IRQHandler
 162 0090 00000000 	    .word   USB_LP_CAN1_RX0_IRQHandler
 163 0094 00000000 	    .word   CAN1_RX1_IRQHandler
 164 0098 00000000 	    .word   CAN1_SCE_IRQHandler
 165 009c 00000000 	    .word   EXTI9_5_IRQHandler
 166 00a0 00000000 	    .word   TIM1_BRK_IRQHandler
 167 00a4 00000000 	    .word   TIM1_UP_IRQHandler
 168 00a8 00000000 	    .word   TIM1_TRG_COM_IRQHandler
 169 00ac 00000000 	    .word   TIM1_CC_IRQHandler
 170 00b0 00000000 	    .word   TIM2_IRQHandler
 171 00b4 00000000 	    .word   TIM3_IRQHandler
 172 00b8 00000000 	    .word   TIM4_IRQHandler
 173 00bc 00000000 	    .word   I2C1_EV_IRQHandler
 174 00c0 00000000 	    .word   I2C1_ER_IRQHandler
 175 00c4 00000000 	    .word   I2C2_EV_IRQHandler
 176 00c8 00000000 	    .word   I2C2_ER_IRQHandler
 177 00cc 00000000 	    .word   SPI1_IRQHandler
 178 00d0 00000000 	    .word   SPI2_IRQHandler
 179 00d4 00000000 	    .word   USART1_IRQHandler
 180 00d8 00000000 	    .word   USART2_IRQHandler
 181 00dc 00000000 	    .word   USART3_IRQHandler
 182 00e0 00000000 	    .word   EXTI15_10_IRQHandler
 183 00e4 00000000 	    .word   RTCAlarm_IRQHandler
 184 00e8 00000000 	    .word   USBWakeUp_IRQHandler    
 185 00ec 00000000 	  .word 0
 186 00f0 00000000 	    .word   0
 187 00f4 00000000 	    .word   0
 188 00f8 00000000 	    .word   0
 189 00fc 00000000 	    .word   0
 190 0100 00000000 	    .word   0
 191 0104 00000000 	    .word   0
 192 0108 5FF808F1 	    .word   BootRAM          /* @0x108. This is for boot in RAM mode for 
 193              	                            STM32F10x Medium Density devices. */
 194              	   
 195              	/*******************************************************************************
 196              	*
 197              	* Provide weak aliases for each Exception handler to the Default_Handler. 
 198              	* As they are weak aliases, any function with the same name will override 
 199              	* this definition.
 200              	*
 201              	*******************************************************************************/
 202              	    
 203              	  .weak NMI_Handler
 204              	    .thumb_set NMI_Handler,Default_Handler
 205              	    
 206              	  .weak HardFault_Handler
 207              	    .thumb_set HardFault_Handler,Default_Handler
 208              	    
 209              	  .weak MemManage_Handler
 210              	    .thumb_set MemManage_Handler,Default_Handler
 211              	    
 212              	  .weak BusFault_Handler
 213              	    .thumb_set BusFault_Handler,Default_Handler
 214              	
 215              	    .weak   UsageFault_Handler
 216              	    .thumb_set UsageFault_Handler,Default_Handler
 217              	
 218              	    .weak   SVC_Handler
 219              	    .thumb_set SVC_Handler,Default_Handler
 220              	
 221              	    .weak   DebugMon_Handler
 222              	    .thumb_set DebugMon_Handler,Default_Handler
 223              	
 224              	    .weak   PendSV_Handler
 225              	    .thumb_set PendSV_Handler,Default_Handler
 226              	
 227              	    .weak   SysTick_Handler
 228              	    .thumb_set SysTick_Handler,Default_Handler
 229              	
 230              	    .weak   WWDG_IRQHandler
 231              	    .thumb_set WWDG_IRQHandler,Default_Handler
 232              	
 233              	    .weak   PVD_IRQHandler
 234              	    .thumb_set PVD_IRQHandler,Default_Handler
 235              	
 236              	    .weak   TAMPER_IRQHandler
 237              	    .thumb_set TAMPER_IRQHandler,Default_Handler
 238              	
 239              	    .weak   RTC_IRQHandler
 240              	    .thumb_set RTC_IRQHandler,Default_Handler
 241              	
 242              	    .weak   FLASH_IRQHandler
 243              	    .thumb_set FLASH_IRQHandler,Default_Handler
 244              	
 245              	    .weak   RCC_IRQHandler
 246              	    .thumb_set RCC_IRQHandler,Default_Handler
 247              	
 248              	    .weak   EXTI0_IRQHandler
 249              	    .thumb_set EXTI0_IRQHandler,Default_Handler
 250              	
 251              	    .weak   EXTI1_IRQHandler
 252              	    .thumb_set EXTI1_IRQHandler,Default_Handler
 253              	
 254              	    .weak   EXTI2_IRQHandler
 255              	    .thumb_set EXTI2_IRQHandler,Default_Handler
 256              	
 257              	    .weak   EXTI3_IRQHandler
 258              	    .thumb_set EXTI3_IRQHandler,Default_Handler
 259              	
 260              	    .weak   EXTI4_IRQHandler
 261              	    .thumb_set EXTI4_IRQHandler,Default_Handler
 262              	
 263              	    .weak   DMA1_Channel1_IRQHandler
 264              	    .thumb_set DMA1_Channel1_IRQHandler,Default_Handler
 265              	
 266              	    .weak   DMA1_Channel2_IRQHandler
 267              	    .thumb_set DMA1_Channel2_IRQHandler,Default_Handler
 268              	
 269              	    .weak   DMA1_Channel3_IRQHandler
 270              	    .thumb_set DMA1_Channel3_IRQHandler,Default_Handler
 271              	
 272              	    .weak   DMA1_Channel4_IRQHandler
 273              	    .thumb_set DMA1_Channel4_IRQHandler,Default_Handler
 274              	
 275              	    .weak   DMA1_Channel5_IRQHandler
 276              	    .thumb_set DMA1_Channel5_IRQHandler,Default_Handler
 277              	
 278              	    .weak   DMA1_Channel6_IRQHandler
 279              	    .thumb_set DMA1_Channel6_IRQHandler,Default_Handler
 280              	
 281              	    .weak   DMA1_Channel7_IRQHandler
 282              	    .thumb_set DMA1_Channel7_IRQHandler,Default_Handler
 283              	
 284              	    .weak   ADC1_2_IRQHandler
 285              	    .thumb_set ADC1_2_IRQHandler,Default_Handler
 286              	
 287              	    .weak   USB_HP_CAN1_TX_IRQHandler
 288              	    .thumb_set USB_HP_CAN1_TX_IRQHandler,Default_Handler
 289              	
 290              	    .weak   USB_LP_CAN1_RX0_IRQHandler
 291              	    .thumb_set USB_LP_CAN1_RX0_IRQHandler,Default_Handler
 292              	
 293              	    .weak   CAN1_RX1_IRQHandler
 294              	    .thumb_set CAN1_RX1_IRQHandler,Default_Handler
 295              	
 296              	    .weak   CAN1_SCE_IRQHandler
 297              	    .thumb_set CAN1_SCE_IRQHandler,Default_Handler
 298              	
 299              	    .weak   EXTI9_5_IRQHandler
 300              	    .thumb_set EXTI9_5_IRQHandler,Default_Handler
 301              	
 302              	    .weak   TIM1_BRK_IRQHandler
 303              	    .thumb_set TIM1_BRK_IRQHandler,Default_Handler
 304              	
 305              	    .weak   TIM1_UP_IRQHandler
 306              	    .thumb_set TIM1_UP_IRQHandler,Default_Handler
 307              	
 308              	    .weak   TIM1_TRG_COM_IRQHandler
 309              	    .thumb_set TIM1_TRG_COM_IRQHandler,Default_Handler
 310              	
 311              	    .weak   TIM1_CC_IRQHandler
 312              	    .thumb_set TIM1_CC_IRQHandler,Default_Handler
 313              	
 314              	    .weak   TIM2_IRQHandler
 315              	    .thumb_set TIM2_IRQHandler,Default_Handler
 316              	
 317              	    .weak   TIM3_IRQHandler
 318              	    .thumb_set TIM3_IRQHandler,Default_Handler
 319              	
 320              	    .weak   TIM4_IRQHandler
 321              	    .thumb_set TIM4_IRQHandler,Default_Handler
 322              	
 323              	    .weak   I2C1_EV_IRQHandler
 324              	    .thumb_set I2C1_EV_IRQHandler,Default_Handler
 325              	
 326              	    .weak   I2C1_ER_IRQHandler
 327              	    .thumb_set I2C1_ER_IRQHandler,Default_Handler
 328              	
 329              	    .weak   I2C2_EV_IRQHandler
 330              	    .thumb_set I2C2_EV_IRQHandler,Default_Handler
 331              	
 332              	    .weak   I2C2_ER_IRQHandler
 333              	    .thumb_set I2C2_ER_IRQHandler,Default_Handler
 334              	
 335              	    .weak   SPI1_IRQHandler
 336              	    .thumb_set SPI1_IRQHandler,Default_Handler
 337              	
 338              	    .weak   SPI2_IRQHandler
 339              	    .thumb_set SPI2_IRQHandler,Default_Handler
 340              	
 341              	    .weak   USART1_IRQHandler
 342              	    .thumb_set USART1_IRQHandler,Default_Handler
 343              	
 344              	    .weak   USART2_IRQHandler
 345              	    .thumb_set USART2_IRQHandler,Default_Handler
 346              	
 347              	    .weak   USART3_IRQHandler
 348              	    .thumb_set USART3_IRQHandler,Default_Handler
 349              	
 350              	    .weak   EXTI15_10_IRQHandler
 351              	    .thumb_set EXTI15_10_IRQHandler,Default_Handler
 352              	
 353              	    .weak   RTCAlarm_IRQHandler
 354              	    .thumb_set RTCAlarm_IRQHandler,Default_Handler
 355              	
 356              	    .weak   USBWakeUp_IRQHandler
 357              	    .thumb_set USBWakeUp_IRQHandler,Default_Handler
 358              	
 359              	/******************* (C) COPYRIGHT 2011 STMicroelectronics *****END OF FILE****/
DEFINED SYMBOLS
startup_stm32f10x_md_vl.s:125    .isr_vector:00000000 g_pfnVectors
startup_stm32f10x_md_vl.s:109    .text.Default_Handler:00000000 Default_Handler
startup_stm32f10x_md_vl.s:65     .text.Reset_Handler:00000000 Reset_Handler
startup_stm32f10x_md_vl.s:52     *ABS*:f108f85f BootRAM
startup_stm32f10x_md_vl.s:68     .text.Reset_Handler:00000000 $t
startup_stm32f10x_md_vl.s:77     .text.Reset_Handler:0000000c LoopCopyDataInit
startup_stm32f10x_md_vl.s:71     .text.Reset_Handler:00000004 CopyDataInit
startup_stm32f10x_md_vl.s:90     .text.Reset_Handler:00000020 LoopFillZerobss
startup_stm32f10x_md_vl.s:86     .text.Reset_Handler:0000001a FillZerobss
startup_stm32f10x_md_vl.s:110    .text.Default_Handler:00000000 Infinite_Loop
startup_stm32f10x_md_vl.s:111    .text.Default_Handler:00000000 $t
startup_stm32f10x_md_vl.s:109    .text.Default_Handler:00000000 NMI_Handler
startup_stm32f10x_md_vl.s:109    .text.Default_Handler:00000000 HardFault_Handler
startup_stm32f10x_md_vl.s:109    .text.Default_Handler:00000000 MemManage_Handler
startup_stm32f10x_md_vl.s:109    .text.Default_Handler:00000000 BusFault_Handler
startup_stm32f10x_md_vl.s:109    .text.Default_Handler:00000000 UsageFault_Handler
startup_stm32f10x_md_vl.s:109    .text.Default_Handler:00000000 SVC_Handler
startup_stm32f10x_md_vl.s:109    .text.Default_Handler:00000000 DebugMon_Handler
startup_stm32f10x_md_vl.s:109    .text.Default_Handler:00000000 PendSV_Handler
startup_stm32f10x_md_vl.s:109    .text.Default_Handler:00000000 SysTick_Handler
startup_stm32f10x_md_vl.s:109    .text.Default_Handler:00000000 WWDG_IRQHandler
startup_stm32f10x_md_vl.s:109    .text.Default_Handler:00000000 PVD_IRQHandler
startup_stm32f10x_md_vl.s:109    .text.Default_Handler:00000000 TAMPER_IRQHandler
startup_stm32f10x_md_vl.s:109    .text.Default_Handler:00000000 RTC_IRQHandler
startup_stm32f10x_md_vl.s:109    .text.Default_Handler:00000000 FLASH_IRQHandler
startup_stm32f10x_md_vl.s:109    .text.Default_Handler:00000000 RCC_IRQHandler
startup_stm32f10x_md_vl.s:109    .text.Default_Handler:00000000 EXTI0_IRQHandler
startup_stm32f10x_md_vl.s:109    .text.Default_Handler:00000000 EXTI1_IRQHandler
startup_stm32f10x_md_vl.s:109    .text.Default_Handler:00000000 EXTI2_IRQHandler
startup_stm32f10x_md_vl.s:109    .text.Default_Handler:00000000 EXTI3_IRQHandler
startup_stm32f10x_md_vl.s:109    .text.Default_Handler:00000000 EXTI4_IRQHandler
startup_stm32f10x_md_vl.s:109    .text.Default_Handler:00000000 DMA1_Channel1_IRQHandler
startup_stm32f10x_md_vl.s:109    .text.Default_Handler:00000000 DMA1_Channel2_IRQHandler
startup_stm32f10x_md_vl.s:109    .text.Default_Handler:00000000 DMA1_Channel3_IRQHandler
startup_stm32f10x_md_vl.s:109    .text.Default_Handler:00000000 DMA1_Channel4_IRQHandler
startup_stm32f10x_md_vl.s:109    .text.Default_Handler:00000000 DMA1_Channel5_IRQHandler
startup_stm32f10x_md_vl.s:109    .text.Default_Handler:00000000 DMA1_Channel6_IRQHandler
startup_stm32f10x_md_vl.s:109    .text.Default_Handler:00000000 DMA1_Channel7_IRQHandler
startup_stm32f10x_md_vl.s:109    .text.Default_Handler:00000000 ADC1_2_IRQHandler
startup_stm32f10x_md_vl.s:109    .text.Default_Handler:00000000 USB_HP_CAN1_TX_IRQHandler
startup_stm32f10x_md_vl.s:109    .text.Default_Handler:00000000 USB_LP_CAN1_RX0_IRQHandler
startup_stm32f10x_md_vl.s:109    .text.Default_Handler:00000000 CAN1_RX1_IRQHandler
startup_stm32f10x_md_vl.s:109    .text.Default_Handler:00000000 CAN1_SCE_IRQHandler
startup_stm32f10x_md_vl.s:109    .text.Default_Handler:00000000 EXTI9_5_IRQHandler
startup_stm32f10x_md_vl.s:109    .text.Default_Handler:00000000 TIM1_BRK_IRQHandler
startup_stm32f10x_md_vl.s:109    .text.Default_Handler:00000000 TIM1_UP_IRQHandler
startup_stm32f10x_md_vl.s:109    .text.Default_Handler:00000000 TIM1_TRG_COM_IRQHandler
startup_stm32f10x_md_vl.s:109    .text.Default_Handler:00000000 TIM1_CC_IRQHandler
startup_stm32f10x_md_vl.s:109    .text.Default_Handler:00000000 TIM2_IRQHandler
startup_stm32f10x_md_vl.s:109    .text.Default_Handler:00000000 TIM3_IRQHandler
startup_stm32f10x_md_vl.s:109    .text.Default_Handler:00000000 TIM4_IRQHandler
startup_stm32f10x_md_vl.s:109    .text.Default_Handler:00000000 I2C1_EV_IRQHandler
startup_stm32f10x_md_vl.s:109    .text.Default_Handler:00000000 I2C1_ER_IRQHandler
startup_stm32f10x_md_vl.s:109    .text.Default_Handler:00000000 I2C2_EV_IRQHandler
startup_stm32f10x_md_vl.s:109    .text.Default_Handler:00000000 I2C2_ER_IRQHandler
startup_stm32f10x_md_vl.s:109    .text.Default_Handler:00000000 SPI1_IRQHandler
startup_stm32f10x_md_vl.s:109    .text.Default_Handler:00000000 SPI2_IRQHandler
startup_stm32f10x_md_vl.s:109    .text.Default_Handler:00000000 USART1_IRQHandler
startup_stm32f10x_md_vl.s:109    .text.Default_Handler:00000000 USART2_IRQHandler
startup_stm32f10x_md_vl.s:109    .text.Default_Handler:00000000 USART3_IRQHandler
startup_stm32f10x_md_vl.s:109    .text.Default_Handler:00000000 EXTI15_10_IRQHandler
startup_stm32f10x_md_vl.s:109    .text.Default_Handler:00000000 RTCAlarm_IRQHandler
startup_stm32f10x_md_vl.s:109    .text.Default_Handler:00000000 USBWakeUp_IRQHandler
startup_stm32f10x_md_vl.s:359    .text.Reset_Handler:00000030 $d
                            .text:00000000 $d

UNDEFINED SYMBOLS
_sidata
_sdata
_edata
_sbss
_ebss
SystemInit
main
_estack
